  [1m[36m (34.7ms)[0m  [1mCREATE TABLE "schema_migrations" ("version" varchar(255) NOT NULL) [0m
  [1m[35m (0.8ms)[0m  select sqlite_version(*)
  [1m[36m (2.6ms)[0m  [1mCREATE UNIQUE INDEX "unique_schema_migrations" ON "schema_migrations" ("version")[0m
  [1m[35mActiveRecord::SchemaMigration Load (0.2ms)[0m  SELECT "schema_migrations".* FROM "schema_migrations"
Migrating to CreateEvents (20140801194556)
  [1m[36m (0.2ms)[0m  [1mbegin transaction[0m
  [1m[35m (0.6ms)[0m  CREATE TABLE "events" ("id" INTEGER PRIMARY KEY AUTOINCREMENT NOT NULL, "start_location" text, "end_location" text, "arrival_time" datetime, "departure_time" datetime, "duration" datetime, "phone_number" varchar(255), "created_at" datetime, "updated_at" datetime) 
  [1m[36mSQL (0.3ms)[0m  [1mINSERT INTO "schema_migrations" ("version") VALUES (?)[0m  [["version", "20140801194556"]]
  [1m[35m (23.0ms)[0m  commit transaction
  [1m[36mActiveRecord::SchemaMigration Load (0.1ms)[0m  [1mSELECT "schema_migrations".* FROM "schema_migrations"[0m


Started GET "/" for 127.0.0.1 at 2014-08-01 15:04:02 -0500
  [1m[36mActiveRecord::SchemaMigration Load (0.5ms)[0m  [1mSELECT "schema_migrations".* FROM "schema_migrations"[0m
Processing by Rails::WelcomeController#index as HTML
  Rendered /Users/marinagoldshteyn/.rvm/gems/ruby-2.1.2/gems/railties-4.1.4/lib/rails/templates/rails/welcome/index.html.erb (7.8ms)
Completed 200 OK in 264ms (Views: 150.1ms | ActiveRecord: 0.0ms)


Started GET "/events" for 127.0.0.1 at 2014-08-01 15:08:44 -0500

SyntaxError (/Users/marinagoldshteyn/_MARINA/arriveby/app/controllers/events_controller.rb:89: syntax error, unexpected end-of-input, expecting keyword_end):
  app/controllers/events_controller.rb:89: syntax error, unexpected end-of-input, expecting keyword_end


  Rendered /Users/marinagoldshteyn/.rvm/gems/ruby-2.1.2/gems/actionpack-4.1.4/lib/action_dispatch/middleware/templates/rescues/_source.erb (1.1ms)
  Rendered /Users/marinagoldshteyn/.rvm/gems/ruby-2.1.2/gems/actionpack-4.1.4/lib/action_dispatch/middleware/templates/rescues/_trace.html.erb (2.5ms)
  Rendered /Users/marinagoldshteyn/.rvm/gems/ruby-2.1.2/gems/actionpack-4.1.4/lib/action_dispatch/middleware/templates/rescues/_request_and_response.html.erb (1.7ms)
  Rendered /Users/marinagoldshteyn/.rvm/gems/ruby-2.1.2/gems/actionpack-4.1.4/lib/action_dispatch/middleware/templates/rescues/diagnostics.erb within rescues/layout (133.3ms)


Started GET "/index" for 127.0.0.1 at 2014-08-01 15:09:03 -0500

ActionController::RoutingError (No route matches [GET] "/index"):
  actionpack (4.1.4) lib/action_dispatch/middleware/debug_exceptions.rb:21:in `call'
  actionpack (4.1.4) lib/action_dispatch/middleware/show_exceptions.rb:30:in `call'
  railties (4.1.4) lib/rails/rack/logger.rb:38:in `call_app'
  railties (4.1.4) lib/rails/rack/logger.rb:20:in `block in call'
  activesupport (4.1.4) lib/active_support/tagged_logging.rb:68:in `block in tagged'
  activesupport (4.1.4) lib/active_support/tagged_logging.rb:26:in `tagged'
  activesupport (4.1.4) lib/active_support/tagged_logging.rb:68:in `tagged'
  railties (4.1.4) lib/rails/rack/logger.rb:20:in `call'
  actionpack (4.1.4) lib/action_dispatch/middleware/request_id.rb:21:in `call'
  rack (1.5.2) lib/rack/methodoverride.rb:21:in `call'
  rack (1.5.2) lib/rack/runtime.rb:17:in `call'
  activesupport (4.1.4) lib/active_support/cache/strategy/local_cache_middleware.rb:26:in `call'
  rack (1.5.2) lib/rack/lock.rb:17:in `call'
  actionpack (4.1.4) lib/action_dispatch/middleware/static.rb:64:in `call'
  rack (1.5.2) lib/rack/sendfile.rb:112:in `call'
  railties (4.1.4) lib/rails/engine.rb:514:in `call'
  railties (4.1.4) lib/rails/application.rb:144:in `call'
  rack (1.5.2) lib/rack/lock.rb:17:in `call'
  rack (1.5.2) lib/rack/content_length.rb:14:in `call'
  rack (1.5.2) lib/rack/handler/webrick.rb:60:in `service'
  /Users/marinagoldshteyn/.rvm/rubies/ruby-2.1.2/lib/ruby/2.1.0/webrick/httpserver.rb:138:in `service'
  /Users/marinagoldshteyn/.rvm/rubies/ruby-2.1.2/lib/ruby/2.1.0/webrick/httpserver.rb:94:in `run'
  /Users/marinagoldshteyn/.rvm/rubies/ruby-2.1.2/lib/ruby/2.1.0/webrick/server.rb:295:in `block in start_thread'


  Rendered /Users/marinagoldshteyn/.rvm/gems/ruby-2.1.2/gems/actionpack-4.1.4/lib/action_dispatch/middleware/templates/rescues/_trace.html.erb (1.5ms)
  Rendered /Users/marinagoldshteyn/.rvm/gems/ruby-2.1.2/gems/actionpack-4.1.4/lib/action_dispatch/middleware/templates/routes/_route.html.erb (1.8ms)
  Rendered /Users/marinagoldshteyn/.rvm/gems/ruby-2.1.2/gems/actionpack-4.1.4/lib/action_dispatch/middleware/templates/routes/_table.html.erb (24.3ms)
  Rendered /Users/marinagoldshteyn/.rvm/gems/ruby-2.1.2/gems/actionpack-4.1.4/lib/action_dispatch/middleware/templates/rescues/routing_error.html.erb within rescues/layout (1002.7ms)


Started GET "/events/new" for 127.0.0.1 at 2014-08-01 15:09:19 -0500

SyntaxError (/Users/marinagoldshteyn/_MARINA/arriveby/app/controllers/events_controller.rb:89: syntax error, unexpected end-of-input, expecting keyword_end):
  app/controllers/events_controller.rb:89: syntax error, unexpected end-of-input, expecting keyword_end


  Rendered /Users/marinagoldshteyn/.rvm/gems/ruby-2.1.2/gems/actionpack-4.1.4/lib/action_dispatch/middleware/templates/rescues/_source.erb (0.9ms)
  Rendered /Users/marinagoldshteyn/.rvm/gems/ruby-2.1.2/gems/actionpack-4.1.4/lib/action_dispatch/middleware/templates/rescues/_trace.html.erb (1.5ms)
  Rendered /Users/marinagoldshteyn/.rvm/gems/ruby-2.1.2/gems/actionpack-4.1.4/lib/action_dispatch/middleware/templates/rescues/_request_and_response.html.erb (1.4ms)
  Rendered /Users/marinagoldshteyn/.rvm/gems/ruby-2.1.2/gems/actionpack-4.1.4/lib/action_dispatch/middleware/templates/rescues/diagnostics.erb within rescues/layout (19.6ms)


Started GET "/events/new" for 127.0.0.1 at 2014-08-01 15:10:16 -0500

SyntaxError (/Users/marinagoldshteyn/_MARINA/arriveby/app/controllers/events_controller.rb:89: syntax error, unexpected end-of-input, expecting keyword_end):
  app/controllers/events_controller.rb:89: syntax error, unexpected end-of-input, expecting keyword_end


  Rendered /Users/marinagoldshteyn/.rvm/gems/ruby-2.1.2/gems/actionpack-4.1.4/lib/action_dispatch/middleware/templates/rescues/_source.erb (0.9ms)
  Rendered /Users/marinagoldshteyn/.rvm/gems/ruby-2.1.2/gems/actionpack-4.1.4/lib/action_dispatch/middleware/templates/rescues/_trace.html.erb (1.6ms)
  Rendered /Users/marinagoldshteyn/.rvm/gems/ruby-2.1.2/gems/actionpack-4.1.4/lib/action_dispatch/middleware/templates/rescues/_request_and_response.html.erb (1.5ms)
  Rendered /Users/marinagoldshteyn/.rvm/gems/ruby-2.1.2/gems/actionpack-4.1.4/lib/action_dispatch/middleware/templates/rescues/diagnostics.erb within rescues/layout (23.1ms)


Started GET "/events/new" for 127.0.0.1 at 2014-08-01 15:10:20 -0500

SyntaxError (/Users/marinagoldshteyn/_MARINA/arriveby/app/controllers/events_controller.rb:89: syntax error, unexpected end-of-input, expecting keyword_end):
  app/controllers/events_controller.rb:89: syntax error, unexpected end-of-input, expecting keyword_end


  Rendered /Users/marinagoldshteyn/.rvm/gems/ruby-2.1.2/gems/actionpack-4.1.4/lib/action_dispatch/middleware/templates/rescues/_source.erb (1.4ms)
  Rendered /Users/marinagoldshteyn/.rvm/gems/ruby-2.1.2/gems/actionpack-4.1.4/lib/action_dispatch/middleware/templates/rescues/_trace.html.erb (1.5ms)
  Rendered /Users/marinagoldshteyn/.rvm/gems/ruby-2.1.2/gems/actionpack-4.1.4/lib/action_dispatch/middleware/templates/rescues/_request_and_response.html.erb (2.7ms)
  Rendered /Users/marinagoldshteyn/.rvm/gems/ruby-2.1.2/gems/actionpack-4.1.4/lib/action_dispatch/middleware/templates/rescues/diagnostics.erb within rescues/layout (24.8ms)


Started GET "/events/new" for 127.0.0.1 at 2014-08-01 15:10:26 -0500

SyntaxError (/Users/marinagoldshteyn/_MARINA/arriveby/app/controllers/events_controller.rb:89: syntax error, unexpected end-of-input, expecting keyword_end):
  app/controllers/events_controller.rb:89: syntax error, unexpected end-of-input, expecting keyword_end


  Rendered /Users/marinagoldshteyn/.rvm/gems/ruby-2.1.2/gems/actionpack-4.1.4/lib/action_dispatch/middleware/templates/rescues/_source.erb (1.0ms)
  Rendered /Users/marinagoldshteyn/.rvm/gems/ruby-2.1.2/gems/actionpack-4.1.4/lib/action_dispatch/middleware/templates/rescues/_trace.html.erb (1.5ms)
  Rendered /Users/marinagoldshteyn/.rvm/gems/ruby-2.1.2/gems/actionpack-4.1.4/lib/action_dispatch/middleware/templates/rescues/_request_and_response.html.erb (1.6ms)
  Rendered /Users/marinagoldshteyn/.rvm/gems/ruby-2.1.2/gems/actionpack-4.1.4/lib/action_dispatch/middleware/templates/rescues/diagnostics.erb within rescues/layout (22.3ms)


Started GET "/" for 127.0.0.1 at 2014-08-01 15:10:31 -0500
Processing by Rails::WelcomeController#index as HTML
  Rendered /Users/marinagoldshteyn/.rvm/gems/ruby-2.1.2/gems/railties-4.1.4/lib/rails/templates/rails/welcome/index.html.erb (0.2ms)
Completed 200 OK in 69ms (Views: 68.4ms | ActiveRecord: 0.0ms)


Started GET "/create_event" for 127.0.0.1 at 2014-08-01 15:12:11 -0500

SyntaxError (/Users/marinagoldshteyn/_MARINA/arriveby/app/controllers/events_controller.rb:89: syntax error, unexpected end-of-input, expecting keyword_end):
  app/controllers/events_controller.rb:89: syntax error, unexpected end-of-input, expecting keyword_end


  Rendered /Users/marinagoldshteyn/.rvm/gems/ruby-2.1.2/gems/actionpack-4.1.4/lib/action_dispatch/middleware/templates/rescues/_source.erb (1.2ms)
  Rendered /Users/marinagoldshteyn/.rvm/gems/ruby-2.1.2/gems/actionpack-4.1.4/lib/action_dispatch/middleware/templates/rescues/_trace.html.erb (2.8ms)
  Rendered /Users/marinagoldshteyn/.rvm/gems/ruby-2.1.2/gems/actionpack-4.1.4/lib/action_dispatch/middleware/templates/rescues/_request_and_response.html.erb (1.6ms)
  Rendered /Users/marinagoldshteyn/.rvm/gems/ruby-2.1.2/gems/actionpack-4.1.4/lib/action_dispatch/middleware/templates/rescues/diagnostics.erb within rescues/layout (141.5ms)


Started GET "/create_event" for 127.0.0.1 at 2014-08-01 15:13:36 -0500
Processing by EventsController#create as HTML
  [1m[35m (0.1ms)[0m  begin transaction
  [1m[36mSQL (23.7ms)[0m  [1mINSERT INTO "events" ("created_at", "updated_at") VALUES (?, ?)[0m  [["created_at", "2014-08-01 20:13:37.137540"], ["updated_at", "2014-08-01 20:13:37.137540"]]
  [1m[35m (18.3ms)[0m  commit transaction
Redirected to http://localhost:3000/events
Completed 302 Found in 156ms (ActiveRecord: 42.8ms)


Started GET "/events" for 127.0.0.1 at 2014-08-01 15:13:37 -0500
Processing by EventsController#index as HTML
  [1m[36mEvent Load (0.2ms)[0m  [1mSELECT "events".* FROM "events"[0m
  Rendered events/index.html.erb within layouts/application (2.7ms)
Completed 200 OK in 1754ms (Views: 1751.9ms | ActiveRecord: 0.2ms)


Started GET "/assets/application.css?body=1" for 127.0.0.1 at 2014-08-01 15:13:39 -0500


Started GET "/assets/jquery_ujs.js?body=1" for 127.0.0.1 at 2014-08-01 15:13:39 -0500


Started GET "/assets/application.js?body=1" for 127.0.0.1 at 2014-08-01 15:13:39 -0500


Started GET "/assets/turbolinks.js?body=1" for 127.0.0.1 at 2014-08-01 15:13:39 -0500


Started GET "/assets/jquery.js?body=1" for 127.0.0.1 at 2014-08-01 15:13:39 -0500


Started GET "/events" for 127.0.0.1 at 2014-08-01 15:14:05 -0500
Processing by EventsController#index as HTML
  [1m[35mEvent Load (52.2ms)[0m  SELECT "events".* FROM "events"
  Rendered events/index.html.erb within layouts/application (54.1ms)
Completed 200 OK in 199ms (Views: 145.4ms | ActiveRecord: 52.2ms)


Started GET "/assets/jquery_ujs.js?body=1" for 127.0.0.1 at 2014-08-01 15:14:06 -0500


Started GET "/assets/jquery.js?body=1" for 127.0.0.1 at 2014-08-01 15:14:06 -0500


Started GET "/assets/application.js?body=1" for 127.0.0.1 at 2014-08-01 15:14:06 -0500


Started GET "/assets/turbolinks.js?body=1" for 127.0.0.1 at 2014-08-01 15:14:06 -0500


Started GET "/assets/application.css?body=1" for 127.0.0.1 at 2014-08-01 15:14:06 -0500


Started GET "/events" for 127.0.0.1 at 2014-08-01 15:15:58 -0500
Processing by EventsController#index as HTML
  [1m[36mEvent Load (16.9ms)[0m  [1mSELECT "events".* FROM "events"[0m
  Rendered events/index.html.erb within layouts/application (17.7ms)
Completed 200 OK in 39ms (Views: 21.1ms | ActiveRecord: 16.9ms)


Started GET "/assets/jquery.js?body=1" for 127.0.0.1 at 2014-08-01 15:15:58 -0500


Started GET "/assets/application.css?body=1" for 127.0.0.1 at 2014-08-01 15:15:58 -0500


Started GET "/assets/jquery_ujs.js?body=1" for 127.0.0.1 at 2014-08-01 15:15:58 -0500


Started GET "/assets/turbolinks.js?body=1" for 127.0.0.1 at 2014-08-01 15:15:58 -0500


Started GET "/assets/application.js?body=1" for 127.0.0.1 at 2014-08-01 15:15:58 -0500


Started GET "/events" for 127.0.0.1 at 2014-08-01 15:16:17 -0500
Processing by EventsController#index as HTML
  [1m[35mEvent Load (0.2ms)[0m  SELECT "events".* FROM "events"
  Rendered events/index.html.erb within layouts/application (0.7ms)
Completed 200 OK in 42ms (Views: 41.5ms | ActiveRecord: 0.2ms)


Started GET "/assets/jquery_ujs.js?body=1" for 127.0.0.1 at 2014-08-01 15:16:17 -0500


Started GET "/assets/turbolinks.js?body=1" for 127.0.0.1 at 2014-08-01 15:16:17 -0500


Started GET "/assets/application.js?body=1" for 127.0.0.1 at 2014-08-01 15:16:17 -0500


Started GET "/assets/jquery.js?body=1" for 127.0.0.1 at 2014-08-01 15:16:17 -0500


Started GET "/assets/application.css?body=1" for 127.0.0.1 at 2014-08-01 15:16:17 -0500


Started GET "/events" for 127.0.0.1 at 2014-08-01 15:16:37 -0500
Processing by EventsController#index as HTML
  [1m[36mEvent Load (0.3ms)[0m  [1mSELECT "events".* FROM "events"[0m
  Rendered events/index.html.erb within layouts/application (0.9ms)
Completed 200 OK in 7ms (Views: 6.0ms | ActiveRecord: 0.3ms)


Started GET "/assets/jquery.js?body=1" for 127.0.0.1 at 2014-08-01 15:16:37 -0500


Started GET "/assets/jquery_ujs.js?body=1" for 127.0.0.1 at 2014-08-01 15:16:37 -0500


Started GET "/assets/application.js?body=1" for 127.0.0.1 at 2014-08-01 15:16:37 -0500


Started GET "/assets/turbolinks.js?body=1" for 127.0.0.1 at 2014-08-01 15:16:37 -0500


Started GET "/assets/application.css?body=1" for 127.0.0.1 at 2014-08-01 15:16:37 -0500


Started GET "/events" for 127.0.0.1 at 2014-08-01 15:16:40 -0500
Processing by EventsController#index as HTML
  [1m[35mEvent Load (18.0ms)[0m  SELECT "events".* FROM "events"
  Rendered events/index.html.erb within layouts/application (18.9ms)
Completed 200 OK in 25ms (Views: 5.7ms | ActiveRecord: 18.0ms)


Started GET "/assets/jquery_ujs.js?body=1" for 127.0.0.1 at 2014-08-01 15:16:40 -0500


Started GET "/assets/application.css?body=1" for 127.0.0.1 at 2014-08-01 15:16:40 -0500


Started GET "/assets/jquery.js?body=1" for 127.0.0.1 at 2014-08-01 15:16:40 -0500


Started GET "/assets/turbolinks.js?body=1" for 127.0.0.1 at 2014-08-01 15:16:40 -0500


Started GET "/assets/application.js?body=1" for 127.0.0.1 at 2014-08-01 15:16:40 -0500


Started GET "/events" for 127.0.0.1 at 2014-08-01 15:18:28 -0500
Processing by EventsController#index as HTML
  [1m[36mEvent Load (4.5ms)[0m  [1mSELECT "events".* FROM "events"[0m
  Rendered events/index.html.erb within layouts/application (5.3ms)
Completed 200 OK in 50ms (Views: 44.7ms | ActiveRecord: 4.5ms)


Started GET "/assets/application.css?body=1" for 127.0.0.1 at 2014-08-01 15:18:29 -0500


Started GET "/assets/jquery_ujs.js?body=1" for 127.0.0.1 at 2014-08-01 15:18:29 -0500


Started GET "/assets/application.js?body=1" for 127.0.0.1 at 2014-08-01 15:18:29 -0500


Started GET "/assets/turbolinks.js?body=1" for 127.0.0.1 at 2014-08-01 15:18:29 -0500


Started GET "/assets/jquery.js?body=1" for 127.0.0.1 at 2014-08-01 15:18:29 -0500


Started GET "/" for 127.0.0.1 at 2014-08-01 15:19:08 -0500
Processing by Rails::WelcomeController#index as HTML
  Rendered /Users/marinagoldshteyn/.rvm/gems/ruby-2.1.2/gems/railties-4.1.4/lib/rails/templates/rails/welcome/index.html.erb (0.1ms)
Completed 200 OK in 74ms (Views: 73.3ms | ActiveRecord: 0.0ms)


Started GET "/events/new" for 127.0.0.1 at 2014-08-01 15:20:04 -0500
Processing by EventsController#new as HTML
  Rendered events/new.html.erb within layouts/application (1.4ms)
Completed 200 OK in 68ms (Views: 66.8ms | ActiveRecord: 0.0ms)


Started GET "/assets/turbolinks.js?body=1" for 127.0.0.1 at 2014-08-01 15:20:05 -0500


Started GET "/assets/application.js?body=1" for 127.0.0.1 at 2014-08-01 15:20:05 -0500


Started GET "/assets/jquery.js?body=1" for 127.0.0.1 at 2014-08-01 15:20:05 -0500


Started GET "/assets/application.css?body=1" for 127.0.0.1 at 2014-08-01 15:20:05 -0500


Started GET "/assets/jquery_ujs.js?body=1" for 127.0.0.1 at 2014-08-01 15:20:05 -0500


Started GET "/events/new" for 127.0.0.1 at 2014-08-01 15:22:56 -0500
Processing by EventsController#new as HTML
  Rendered events/new.html.erb within layouts/application (0.2ms)
Completed 200 OK in 35ms (Views: 33.9ms | ActiveRecord: 0.0ms)


Started GET "/assets/jquery.js?body=1" for 127.0.0.1 at 2014-08-01 15:22:56 -0500


Started GET "/assets/jquery_ujs.js?body=1" for 127.0.0.1 at 2014-08-01 15:22:56 -0500


Started GET "/assets/turbolinks.js?body=1" for 127.0.0.1 at 2014-08-01 15:22:56 -0500


Started GET "/assets/application.css?body=1" for 127.0.0.1 at 2014-08-01 15:22:56 -0500


Started GET "/assets/application.js?body=1" for 127.0.0.1 at 2014-08-01 15:22:56 -0500


Started GET "/events/new" for 127.0.0.1 at 2014-08-01 15:55:29 -0500
Processing by EventsController#new as HTML
Completed 500 Internal Server Error in 12ms

SyntaxError (/Users/marinagoldshteyn/_MARINA/arriveby/app/models/event.rb:2: syntax error, unexpected ':', expecting keyword_end
  validates :start_location :end_location :arrival_time :d...
                             ^
/Users/marinagoldshteyn/_MARINA/arriveby/app/models/event.rb:2: syntax error, unexpected ':', expecting keyword_end
...n :end_location :arrival_time :departure_time, :presence => ...
...                               ^
/Users/marinagoldshteyn/_MARINA/arriveby/app/models/event.rb:2: syntax error, unexpected =>, expecting :: or '[' or '.'
...e :departure_time, :presence => true
...                               ^):
  app/models/event.rb:2: syntax error, unexpected ':', expecting keyword_end
  app/models/event.rb:2: syntax error, unexpected ':', expecting keyword_end
  app/models/event.rb:2: syntax error, unexpected =>, expecting :: or '[' or '.'
  app/controllers/events_controller.rb:19:in `new'


  Rendered /Users/marinagoldshteyn/.rvm/gems/ruby-2.1.2/gems/actionpack-4.1.4/lib/action_dispatch/middleware/templates/rescues/_source.erb (1.1ms)
  Rendered /Users/marinagoldshteyn/.rvm/gems/ruby-2.1.2/gems/actionpack-4.1.4/lib/action_dispatch/middleware/templates/rescues/_trace.html.erb (2.5ms)
  Rendered /Users/marinagoldshteyn/.rvm/gems/ruby-2.1.2/gems/actionpack-4.1.4/lib/action_dispatch/middleware/templates/rescues/_request_and_response.html.erb (1.3ms)
  Rendered /Users/marinagoldshteyn/.rvm/gems/ruby-2.1.2/gems/actionpack-4.1.4/lib/action_dispatch/middleware/templates/rescues/diagnostics.erb within rescues/layout (107.3ms)


Started GET "/events/new" for 127.0.0.1 at 2014-08-01 15:56:13 -0500
Processing by EventsController#new as HTML
  Rendered events/new.html.erb within layouts/application (5.9ms)
Completed 200 OK in 127ms (Views: 75.2ms | ActiveRecord: 20.3ms)


Started GET "/assets/turbolinks.js?body=1" for 127.0.0.1 at 2014-08-01 15:56:14 -0500


Started GET "/assets/jquery.js?body=1" for 127.0.0.1 at 2014-08-01 15:56:14 -0500


Started GET "/assets/application.css?body=1" for 127.0.0.1 at 2014-08-01 15:56:14 -0500


Started GET "/assets/application.js?body=1" for 127.0.0.1 at 2014-08-01 15:56:14 -0500


Started GET "/assets/jquery_ujs.js?body=1" for 127.0.0.1 at 2014-08-01 15:56:14 -0500


Started GET "/create_event?start_location=30+N.+Racine.+Ave.%2C+Chicago&end_location=Merchandise+Mart%2C+Chicago&arrival_time=6%3A00pm&departure_time=&duration=&phone_number=" for 127.0.0.1 at 2014-08-01 15:57:32 -0500
Processing by EventsController#create as HTML
  Parameters: {"start_location"=>"30 N. Racine. Ave., Chicago", "end_location"=>"Merchandise Mart, Chicago", "arrival_time"=>"6:00pm", "departure_time"=>"", "duration"=>"", "phone_number"=>""}
Completed 500 Internal Server Error in 328ms

NoMethodError (undefined method `start_address' for #<Event:0x007fdeca7d31a0>):
  app/models/event.rb:5:in `get_travel_time'
  app/controllers/events_controller.rb:27:in `create'


  Rendered /Users/marinagoldshteyn/.rvm/gems/ruby-2.1.2/gems/actionpack-4.1.4/lib/action_dispatch/middleware/templates/rescues/_source.erb (1.1ms)
  Rendered /Users/marinagoldshteyn/.rvm/gems/ruby-2.1.2/gems/actionpack-4.1.4/lib/action_dispatch/middleware/templates/rescues/_trace.html.erb (1.6ms)
  Rendered /Users/marinagoldshteyn/.rvm/gems/ruby-2.1.2/gems/actionpack-4.1.4/lib/action_dispatch/middleware/templates/rescues/_request_and_response.html.erb (1.4ms)
  Rendered /Users/marinagoldshteyn/.rvm/gems/ruby-2.1.2/gems/actionpack-4.1.4/lib/action_dispatch/middleware/templates/rescues/diagnostics.erb within rescues/layout (61.4ms)


Started GET "/create_event?start_location=30+N.+Racine.+Ave.%2C+Chicago&end_location=Merchandise+Mart%2C+Chicago&arrival_time=6%3A00pm&departure_time=&duration=&phone_number=" for 127.0.0.1 at 2014-08-01 15:58:13 -0500
Processing by EventsController#create as HTML
  Parameters: {"start_location"=>"30 N. Racine. Ave., Chicago", "end_location"=>"Merchandise Mart, Chicago", "arrival_time"=>"6:00pm", "departure_time"=>"", "duration"=>"", "phone_number"=>""}
Completed 500 Internal Server Error in 1428ms

TypeError (no implicit conversion of String into Integer):
  app/models/event.rb:18:in `[]'
  app/models/event.rb:18:in `get_travel_time'
  app/controllers/events_controller.rb:27:in `create'


  Rendered /Users/marinagoldshteyn/.rvm/gems/ruby-2.1.2/gems/actionpack-4.1.4/lib/action_dispatch/middleware/templates/rescues/_source.erb (1.1ms)
  Rendered /Users/marinagoldshteyn/.rvm/gems/ruby-2.1.2/gems/actionpack-4.1.4/lib/action_dispatch/middleware/templates/rescues/_trace.html.erb (1.9ms)
  Rendered /Users/marinagoldshteyn/.rvm/gems/ruby-2.1.2/gems/actionpack-4.1.4/lib/action_dispatch/middleware/templates/rescues/_request_and_response.html.erb (1.4ms)
  Rendered /Users/marinagoldshteyn/.rvm/gems/ruby-2.1.2/gems/actionpack-4.1.4/lib/action_dispatch/middleware/templates/rescues/diagnostics.erb within rescues/layout (23.2ms)


Started GET "/create_event?start_location=30+N.+Racine.+Ave.%2C+Chicago&end_location=Merchandise+Mart%2C+Chicago&arrival_time=6%3A00pm&departure_time=&duration=&phone_number=" for 127.0.0.1 at 2014-08-01 15:59:07 -0500
Processing by EventsController#create as HTML
  Parameters: {"start_location"=>"30 N. Racine. Ave., Chicago", "end_location"=>"Merchandise Mart, Chicago", "arrival_time"=>"6:00pm", "departure_time"=>"", "duration"=>"", "phone_number"=>""}
Completed 500 Internal Server Error in 277ms

TypeError (no implicit conversion of String into Integer):
  app/models/event.rb:18:in `[]'
  app/models/event.rb:18:in `get_travel_time'
  app/controllers/events_controller.rb:27:in `create'


  Rendered /Users/marinagoldshteyn/.rvm/gems/ruby-2.1.2/gems/actionpack-4.1.4/lib/action_dispatch/middleware/templates/rescues/_source.erb (1.0ms)
  Rendered /Users/marinagoldshteyn/.rvm/gems/ruby-2.1.2/gems/actionpack-4.1.4/lib/action_dispatch/middleware/templates/rescues/_trace.html.erb (1.7ms)
  Rendered /Users/marinagoldshteyn/.rvm/gems/ruby-2.1.2/gems/actionpack-4.1.4/lib/action_dispatch/middleware/templates/rescues/_request_and_response.html.erb (1.4ms)
  Rendered /Users/marinagoldshteyn/.rvm/gems/ruby-2.1.2/gems/actionpack-4.1.4/lib/action_dispatch/middleware/templates/rescues/diagnostics.erb within rescues/layout (20.0ms)


Started GET "/create_event?start_location=30+N.+Racine.+Ave.%2C+Chicago&end_location=Merchandise+Mart%2C+Chicago&arrival_time=6%3A00pm&departure_time=&duration=&phone_number=" for 127.0.0.1 at 2014-08-01 16:00:44 -0500
Processing by EventsController#create as HTML
  Parameters: {"start_location"=>"30 N. Racine. Ave., Chicago", "end_location"=>"Merchandise Mart, Chicago", "arrival_time"=>"6:00pm", "departure_time"=>"", "duration"=>"", "phone_number"=>""}
  [1m[35m (0.1ms)[0m  begin transaction
  [1m[36mSQL (0.6ms)[0m  [1mINSERT INTO "events" ("arrival_time", "created_at", "departure_time", "end_location", "phone_number", "start_location", "updated_at") VALUES (?, ?, ?, ?, ?, ?, ?)[0m  [["arrival_time", "2014-08-01 18:00:00.000000"], ["created_at", "2014-08-01 21:00:44.412837"], ["departure_time", "2014-08-01 17:54:59.000000"], ["end_location", "Merchandise Mart, Chicago"], ["phone_number", ""], ["start_location", "30 N. Racine. Ave., Chicago"], ["updated_at", "2014-08-01 21:00:44.412837"]]
  [1m[35m (1.5ms)[0m  commit transaction
Redirected to http://localhost:3000/events
Completed 302 Found in 265ms (ActiveRecord: 2.8ms)


Started GET "/events" for 127.0.0.1 at 2014-08-01 16:00:44 -0500
Processing by EventsController#index as HTML
  [1m[36mEvent Load (0.3ms)[0m  [1mSELECT "events".* FROM "events"[0m
  Rendered events/index.html.erb within layouts/application (21.9ms)
Completed 200 OK in 77ms (Views: 74.5ms | ActiveRecord: 0.3ms)


Started GET "/assets/application.js?body=1" for 127.0.0.1 at 2014-08-01 16:00:44 -0500


Started GET "/assets/jquery.js?body=1" for 127.0.0.1 at 2014-08-01 16:00:44 -0500


Started GET "/assets/jquery_ujs.js?body=1" for 127.0.0.1 at 2014-08-01 16:00:44 -0500


Started GET "/assets/turbolinks.js?body=1" for 127.0.0.1 at 2014-08-01 16:00:44 -0500


Started GET "/assets/application.css?body=1" for 127.0.0.1 at 2014-08-01 16:00:44 -0500
